[17:06:38.367] [INFO] Storybook Upgrade - v9.1.1
[17:06:38.380] [INFO] detect-projects-spinner-start: Detecting projects...
[17:06:38.382] [INFO] detect-projects-spinner: Detecting projects: 1 projects
[17:06:38.382] [DEBUG] Getting Storybook data...
[17:06:38.382] [DEBUG] Getting Storybook info...
[17:06:38.383] [DEBUG] Loading main config...
[17:06:38.386] [INFO] detect-projects-spinner: Detecting projects: 2 projects
[17:06:38.386] [DEBUG] Getting Storybook data...
[17:06:38.386] [DEBUG] Getting Storybook info...
[17:06:38.387] [DEBUG] Loading main config...
[17:06:38.476] [DEBUG] Getting stories paths...
[17:06:38.485] [DEBUG] Getting stories paths...
[17:06:38.500] [DEBUG] Getting package manager...
[17:06:39.530] [DEBUG] Getting Storybook version...
[17:06:39.530] [DEBUG] .ondevice - Validating before version... 8.3.6
[17:06:39.530] [DEBUG] .ondevice - Validating upgrade compatibility...
[17:06:39.531] [DEBUG] .ondevice - Fetching NPM version information...
[17:06:39.531] [DEBUG] Getting CLI versions from NPM for storybook...
[17:06:39.532] [DEBUG] Getting CLI versions from NPM for storybook@next...
[17:06:39.534] [DEBUG] Getting package manager...
[17:06:40.653] [DEBUG] Getting Storybook version...
[17:06:40.654] [DEBUG] .storybook - Validating before version... 8.3.6
[17:06:40.654] [DEBUG] .storybook - Validating upgrade compatibility...
[17:06:40.654] [DEBUG] .storybook - Fetching NPM version information...
[17:06:40.654] [DEBUG] Getting CLI versions from NPM for storybook...
[17:06:40.655] [DEBUG] Getting CLI versions from NPM for storybook@next...
[17:06:40.801] [DEBUG] .ondevice - Evaluating blockers...
[17:06:40.804] [DEBUG] Getting installed version for @storybook/experimental-addon-test...
[17:06:41.669] [DEBUG] .storybook - Evaluating blockers...
[17:06:41.670] [DEBUG] Getting installed version for @storybook/experimental-addon-test...
[17:06:42.549] [INFO] detect-projects-spinner-stop: 2 projects detected
[17:06:42.549] [DEBUG] Found 2 valid projects and 0 error projects
[17:06:42.550] [INFO] Multiple Storybook projects found. Storybook can only upgrade all projects at once:
✔ .ondevice
✔ .storybook
[17:06:58.323] [PROMPT] Continue with the upgrade? {"choice":true}
[17:06:58.323] [INFO] Upgrading the following projects:
          .ondevice: 8.3.6 -> 9.1.1
.storybook: 8.3.6 -> 9.1.1
[17:06:58.355] [INFO] upgrade-dependencies-task-start: Fetching versions to update package.json files..
[17:06:58.355] [DEBUG] Updating dependencies in .ondevice...
[17:06:58.377] [INFO] upgrade-dependencies-task: /packages/libs/mobile/package.json
/package.json
[17:06:58.380] [DEBUG] Getting CLI versions from NPM for @storybook/addon-ondevice-actions...
[17:06:58.391] [DEBUG] Getting CLI versions from NPM for @storybook/addon-ondevice-backgrounds...
[17:06:58.391] [DEBUG] Getting CLI versions from NPM for @storybook/addon-ondevice-controls...
[17:06:58.392] [DEBUG] Getting CLI versions from NPM for @storybook/addon-ondevice-notes...
[17:06:58.393] [DEBUG] Getting CLI versions from NPM for @storybook/addon-webpack5-compiler-babel...
[17:06:58.395] [DEBUG] Getting CLI versions from NPM for @storybook/react-native...
[17:07:00.526] [DEBUG] {
  "upgradedDependencies": []
}
[17:07:00.526] [DEBUG] {
  "upgradedDevDependencies": [
    "@storybook/addon-links@9.1.1",
    "@storybook/react@9.1.1",
    "@storybook/react-webpack5@9.1.1",
    "storybook@9.1.1",
    "@storybook/addon-ondevice-actions@9.1.0",
    "@storybook/addon-ondevice-backgrounds@9.1.0",
    "@storybook/addon-ondevice-controls@9.1.0",
    "@storybook/addon-ondevice-notes@9.1.0",
    "@storybook/addon-webpack5-compiler-babel@^3.0.6",
    "@storybook/react-native@9.1.0"
  ]
}
[17:07:00.526] [DEBUG] {
  "upgradedPeerDependencies": []
}
[17:07:00.527] [DEBUG] Getting CLI versions from NPM for @storybook/addon-links...
[17:07:01.936] [DEBUG] Getting CLI versions from NPM for @storybook/react...
[17:07:03.356] [DEBUG] Getting CLI versions from NPM for @storybook/react-webpack5...
[17:07:04.541] [DEBUG] Using cached version for storybook...
[17:07:04.541] [DEBUG] Using cached version for @storybook/addon-ondevice-actions...
[17:07:04.541] [DEBUG] Using cached version for @storybook/addon-ondevice-backgrounds...
[17:07:04.541] [DEBUG] Using cached version for @storybook/addon-ondevice-controls...
[17:07:04.541] [DEBUG] Using cached version for @storybook/addon-ondevice-notes...
[17:07:04.541] [DEBUG] Using cached version for @storybook/addon-webpack5-compiler-babel...
[17:07:04.541] [DEBUG] Using cached version for @storybook/react-native...
[17:07:04.541] [DEBUG] {
  "upgradedDependencies": []
}
[17:07:04.541] [DEBUG] {
  "upgradedDevDependencies": []
}
[17:07:04.541] [DEBUG] {
  "upgradedPeerDependencies": []
}
[17:07:04.542] [DEBUG] Updating dependencies in .storybook...
[17:07:04.543] [DEBUG] Using cached version for @storybook/addon-ondevice-actions...
[17:07:04.543] [DEBUG] Using cached version for @storybook/addon-ondevice-backgrounds...
[17:07:04.543] [DEBUG] Using cached version for @storybook/addon-ondevice-controls...
[17:07:04.543] [DEBUG] Using cached version for @storybook/addon-ondevice-notes...
[17:07:04.543] [DEBUG] Using cached version for @storybook/addon-webpack5-compiler-babel...
[17:07:04.543] [DEBUG] Using cached version for @storybook/react-native...
[17:07:04.543] [DEBUG] {
  "upgradedDependencies": []
}
[17:07:04.543] [DEBUG] {
  "upgradedDevDependencies": [
    "@storybook/addon-links@9.1.1",
    "@storybook/react@9.1.1",
    "@storybook/react-webpack5@9.1.1",
    "storybook@9.1.1",
    "@storybook/addon-ondevice-actions@9.1.0",
    "@storybook/addon-ondevice-backgrounds@9.1.0",
    "@storybook/addon-ondevice-controls@9.1.0",
    "@storybook/addon-ondevice-notes@9.1.0",
    "@storybook/addon-webpack5-compiler-babel@^3.0.6",
    "@storybook/react-native@9.1.0"
  ]
}
[17:07:04.543] [DEBUG] {
  "upgradedPeerDependencies": []
}
[17:07:04.543] [DEBUG] Using cached version for @storybook/addon-links...
[17:07:04.543] [DEBUG] Using cached version for @storybook/react...
[17:07:04.543] [DEBUG] Using cached version for @storybook/react-webpack5...
[17:07:04.543] [DEBUG] Using cached version for storybook...
[17:07:04.543] [DEBUG] Using cached version for @storybook/addon-ondevice-actions...
[17:07:04.543] [DEBUG] Using cached version for @storybook/addon-ondevice-backgrounds...
[17:07:04.543] [DEBUG] Using cached version for @storybook/addon-ondevice-controls...
[17:07:04.543] [DEBUG] Using cached version for @storybook/addon-ondevice-notes...
[17:07:04.543] [DEBUG] Using cached version for @storybook/addon-webpack5-compiler-babel...
[17:07:04.543] [DEBUG] Using cached version for @storybook/react-native...
[17:07:04.543] [DEBUG] {
  "upgradedDependencies": []
}
[17:07:04.543] [DEBUG] {
  "upgradedDevDependencies": []
}
[17:07:04.544] [DEBUG] {
  "upgradedPeerDependencies": []
}
[17:07:04.544] [INFO] upgrade-dependencies-task-success: Updated package versions in package.json files
[17:07:04.544] [INFO] detect-automigrations-task-start: Detecting automigrations for 2 projects...
[17:07:04.545] [DEBUG] Starting automigration collection across 2 projects and 15 fixes...
[17:07:04.587] [INFO] detect-automigrations-task: Checking automigrations for .ondevice...
[17:07:04.587] [DEBUG] Processing project: .ondevice
[17:07:04.587] [DEBUG] Checking fix eslintPlugin for project .ondevice...
[17:07:04.593] [DEBUG] Checking fix addon-mdx-gfm-remove for project .ondevice...
[17:07:04.593] [DEBUG] Checking fix addon-storysource-code-panel for project .ondevice...
[17:07:04.593] [DEBUG] Checking fix upgrade-storybook-related-dependencies for project .ondevice...
[17:07:04.594] [DEBUG] Checking for incompatible storybook packages...
[17:07:04.600] [DEBUG] Getting installed version for @storybook/addon-actions...
[17:07:04.601] [DEBUG] Getting installed version for @storybook/addon-controls...
[17:07:04.601] [DEBUG] Getting installed version for @storybook/addon-essentials...
[17:07:04.601] [DEBUG] Getting installed version for @storybook/addon-react-native-web...
[17:07:04.602] [DEBUG] Getting installed version for @storybook/addons...
[17:07:04.602] [DEBUG] Getting installed version for @storybook/testing-library...
[17:07:04.602] [DEBUG] Getting installed version for @storybook/theming...
[17:07:04.603] [DEBUG] Getting installed version for @storybook/react-native...
[17:07:06.338] [DEBUG] Getting CLI versions from NPM for @storybook/addon-actions...
[17:07:06.394] [DEBUG] Getting CLI versions from NPM for @storybook/addon-controls...
[17:07:06.409] [DEBUG] Using cached version for @storybook/react-native...
[17:07:06.446] [DEBUG] Getting CLI versions from NPM for @storybook/addons...
[17:07:06.464] [DEBUG] Getting CLI versions from NPM for @storybook/addon-react-native-web...
[17:07:06.501] [DEBUG] Getting CLI versions from NPM for @storybook/testing-library...
[17:07:06.504] [DEBUG] Getting CLI versions from NPM for @storybook/addon-essentials...
[17:07:06.514] [DEBUG] Getting CLI versions from NPM for @storybook/theming...
[17:07:09.182] [DEBUG] Checking fix initial-globals for project .ondevice...
[17:07:09.200] [DEBUG] Checking fix addon-a11y-addon-test for project .ondevice...
[17:07:09.200] [DEBUG] Checking fix consolidated-imports for project .ondevice...
[17:07:09.201] [DEBUG] Checking fix addon-experimental-test for project .ondevice...
[17:07:09.201] [DEBUG] Using cached installed version for @storybook/experimental-addon-test...
[17:07:09.201] [DEBUG] Checking fix rnstorybook-config for project .ondevice...
[17:07:09.205] [DEBUG] Checking fix remove-addon-interactions for project .ondevice...
[17:07:09.205] [DEBUG] Checking fix renderer-to-framework for project .ondevice...
[17:07:09.206] [DEBUG] Checking fix remove-essential-addons for project .ondevice...
[17:07:09.206] [DEBUG] Checking fix addon-a11y-parameters for project .ondevice...
[17:07:09.206] [DEBUG] Checking fix remove-docs-autodocs for project .ondevice...
[17:07:09.207] [DEBUG] Checking fix wrap-require for project .ondevice...
[17:07:09.220] [INFO] detect-automigrations-task: Checking automigrations for .storybook...
[17:07:09.220] [DEBUG] Processing project: .storybook
[17:07:09.220] [DEBUG] Checking fix eslintPlugin for project .storybook...
[17:07:09.224] [DEBUG] Checking fix addon-mdx-gfm-remove for project .storybook...
[17:07:09.224] [DEBUG] Checking fix addon-storysource-code-panel for project .storybook...
[17:07:09.224] [DEBUG] Checking fix upgrade-storybook-related-dependencies for project .storybook...
[17:07:09.224] [DEBUG] Checking for incompatible storybook packages...
[17:07:09.225] [DEBUG] Using cached installed version for @storybook/addon-actions...
[17:07:09.225] [DEBUG] Using cached installed version for @storybook/addon-controls...
[17:07:09.225] [DEBUG] Using cached installed version for @storybook/addon-essentials...
[17:07:09.225] [DEBUG] Using cached installed version for @storybook/addon-react-native-web...
[17:07:09.225] [DEBUG] Using cached installed version for @storybook/addons...
[17:07:09.225] [DEBUG] Using cached installed version for @storybook/testing-library...
[17:07:09.225] [DEBUG] Using cached installed version for @storybook/theming...
[17:07:09.225] [DEBUG] Using cached installed version for @storybook/react-native...
[17:07:09.225] [DEBUG] Using cached version for @storybook/addon-actions...
[17:07:09.225] [DEBUG] Using cached version for @storybook/addon-controls...
[17:07:09.225] [DEBUG] Using cached version for @storybook/addon-essentials...
[17:07:09.225] [DEBUG] Using cached version for @storybook/addon-react-native-web...
[17:07:09.225] [DEBUG] Using cached version for @storybook/addons...
[17:07:09.225] [DEBUG] Using cached version for @storybook/testing-library...
[17:07:09.225] [DEBUG] Using cached version for @storybook/theming...
[17:07:09.225] [DEBUG] Using cached version for @storybook/react-native...
[17:07:09.225] [DEBUG] Checking fix initial-globals for project .storybook...
[17:07:09.230] [DEBUG] Checking fix addon-a11y-addon-test for project .storybook...
[17:07:09.230] [DEBUG] Checking fix consolidated-imports for project .storybook...
[17:07:09.231] [DEBUG] Checking fix addon-experimental-test for project .storybook...
[17:07:09.231] [DEBUG] Using cached installed version for @storybook/experimental-addon-test...
[17:07:09.231] [DEBUG] Checking fix rnstorybook-config for project .storybook...
[17:07:09.232] [DEBUG] Checking fix remove-addon-interactions for project .storybook...
[17:07:09.232] [DEBUG] Checking fix renderer-to-framework for project .storybook...
[17:07:09.232] [DEBUG] Checking fix remove-essential-addons for project .storybook...
[17:07:09.233] [DEBUG] Checking fix addon-a11y-parameters for project .storybook...
[17:07:09.233] [DEBUG] Checking fix remove-docs-autodocs for project .storybook...
[17:07:09.236] [DEBUG] Checking fix wrap-require for project .storybook...
[17:07:09.247] [INFO] detect-automigrations-task: 
Automigrations detected:
[17:07:09.256] [INFO] detect-automigrations-task: ✔ eslintPlugin
[17:07:09.273] [INFO] detect-automigrations-task: ✔ upgrade-storybook-related-dependencies
[17:07:09.281] [INFO] detect-automigrations-task: ✔ consolidated-imports
[17:07:09.296] [INFO] detect-automigrations-task: ✔ renderer-to-framework
[17:07:09.309] [INFO] detect-automigrations-task: ✔ remove-essential-addons
[17:07:09.318] [INFO] detect-automigrations-task: ✔ wrap-require
[17:07:09.318] [INFO] detect-automigrations-task-success: 6 automigration(s) detected
[17:07:12.129] [PROMPT] Select automigrations to run {"choice":["eslintPlugin","consolidated-imports","renderer-to-framework","remove-essential-addons","wrap-require"]}
[17:07:12.129] [INFO] automigrate-.ondevice-task-start: (1/2) Running automigrations for .ondevice
[17:07:12.130] [DEBUG] Adding dependencies: eslint-plugin-storybook@9.1.1
[17:07:12.130] [DEBUG] Getting CLI versions from NPM for eslint-plugin-storybook...
[17:07:13.008] [DEBUG] Detected JSON config at /Users/mzaghlool/work/shory/devkit.Frontend.Libs/packages/libs/mobile/.eslintrc.json
[17:07:13.032] [INFO] automigrate-.ondevice-task: ✔ eslintPlugin
[17:07:13.063] [INFO] automigrate-.ondevice-task: ✔ consolidated-imports
[17:07:13.063] [DEBUG] 
Migrating @storybook/react to @storybook/react-webpack5
[17:07:13.070] [DEBUG] Updating package.json files...
[17:07:13.095] [INFO] automigrate-.ondevice-task: ✔ renderer-to-framework
[17:07:13.096] [DEBUG] Uninstalling @storybook/addon-actions
[17:07:13.098] [DEBUG] Uninstalling @storybook/addon-controls
[17:07:13.126] [INFO] automigrate-.ondevice-task: ✔ remove-essential-addons
[17:07:13.157] [INFO] automigrate-.ondevice-task: ✔ wrap-require
[17:07:13.157] [INFO] automigrate-.ondevice-task-success: (1/2) Completed automigrations for .ondevice
[17:07:13.158] [INFO] automigrate-.storybook-task-start: (2/2) Running automigrations for .storybook
[17:07:13.158] [DEBUG] Adding dependencies: eslint-plugin-storybook@9.1.1
[17:07:13.158] [DEBUG] Using cached version for eslint-plugin-storybook...
[17:07:13.158] [DEBUG] Detected JSON config at /Users/mzaghlool/work/shory/devkit.Frontend.Libs/packages/libs/mobile/.eslintrc.json
[17:07:13.187] [INFO] automigrate-.storybook-task: ✔ eslintPlugin
[17:07:13.223] [INFO] automigrate-.storybook-task: ✔ consolidated-imports
[17:07:13.223] [DEBUG] 
Migrating @storybook/react to @storybook/react-webpack5
[17:07:13.227] [DEBUG] Updating package.json files...
[17:07:13.274] [INFO] automigrate-.storybook-task: ✔ renderer-to-framework
[17:07:13.276] [DEBUG] Uninstalling @storybook/addon-essentials
[17:07:13.277] [DEBUG] Removing '@storybook/addon-essentials' from main.js addons field.
[17:07:13.280] [DEBUG] Uninstalling @storybook/addon-actions
[17:07:13.282] [DEBUG] Uninstalling @storybook/addon-controls
[17:07:13.286] [DEBUG] Getting Storybook info...
[17:07:13.286] [DEBUG] Loading main config...
[17:07:13.291] [DEBUG] Getting stories paths...
[17:07:13.291] [DEBUG] Getting package manager...
[17:07:13.490] [DEBUG] Getting Storybook version...
[17:07:13.503] [INFO] automigrate-.storybook-task: Verifying @storybook/addon-docs
[17:07:13.511] [INFO] automigrate-.storybook-task: Installing @storybook/addon-docs@9.1.1
[17:07:13.511] [DEBUG] Getting CLI versions from NPM for @storybook/addon-docs...
[17:07:15.034] [INFO] automigrate-.storybook-task: Adding '@storybook/addon-docs' to the "addons" field in .storybook/main.ts
[17:07:15.057] [INFO] automigrate-.storybook-task: ✔ remove-essential-addons
[17:07:15.073] [INFO] automigrate-.storybook-task: ✔ wrap-require
[17:07:15.073] [INFO] automigrate-.storybook-task-success: (2/2) Completed automigrations for .storybook
[17:07:15.942] [INFO] Installing dependencies...
[17:07:15.942] [INFO] install-dependencies-task-start: Installing dependencies...
[17:07:16.498] [INFO] Scope: all 18 workspace projects
[17:07:16.532] [INFO] install-dependencies-task: Scope: all 18 workspace projects
[17:07:16.738] [INFO] ../../..                                 | Progress: resolved 0, reused 1, downloaded 0, added 0
[17:07:16.777] [INFO] install-dependencies-task: ../../..                                 | Progress: resolved 0, reused 1,
downloaded 0, added 0
[17:07:17.038] [INFO] WARN  deprecated @storybook/testing-library@0.2.2: In Storybook 8, this package functionality has been integrated to a new package called @storybook/test, which uses Vitest APIs for an improved experience. When upgrading to Storybook 8 with 'npx storybook@latest upgrade', you will get prompted and will get an automigration for the new package. Please migrate when you can.
[17:07:17.063] [INFO] install-dependencies-task: WARN  deprecated @storybook/testing-library@0.2.2: In Storybook 8, this package
functionality has been integrated to a new package called @storybook/test, which
uses Vitest APIs for an improved experience. When upgrading to Storybook 8 with
'npx storybook@latest upgrade', you will get prompted and will get an
automigration for the new package. Please migrate when you can.
[17:07:17.144] [INFO] WARN  deprecated eslint@8.57.0: This version is no longer supported. Please see https://eslint.org/version-support for other options.
[17:07:17.166] [INFO] install-dependencies-task: WARN  deprecated eslint@8.57.0: This version is no longer supported. Please see
https://eslint.org/version-support for other options.
[17:07:17.797] [INFO] ../../..                                 | Progress: resolved 178, reused 178, downloaded 0, added 0
[17:07:17.824] [INFO] install-dependencies-task: ../../..                                 | Progress: resolved 178, reused 178,
downloaded 0, added 0
[17:07:18.799] [INFO] ../../..                                 | Progress: resolved 1103, reused 1051, downloaded 0, added 0
[17:07:18.820] [INFO] install-dependencies-task: ../../..                                 | Progress: resolved 1103, reused 1051,
downloaded 0, added 0
[17:07:19.800] [INFO] ../../..                                 | Progress: resolved 2540, reused 2468, downloaded 0, added 0
[17:07:19.814] [INFO] install-dependencies-task: ../../..                                 | Progress: resolved 2540, reused 2468,
downloaded 0, added 0
[17:07:20.800] [INFO] ../../..                                 | Progress: resolved 2613, reused 2542, downloaded 0, added 0
[17:07:20.818] [INFO] install-dependencies-task: ../../..                                 | Progress: resolved 2613, reused 2542,
downloaded 0, added 0
[17:07:22.809] [INFO] ../../..                                 | Progress: resolved 2614, reused 2542, downloaded 0, added 0
[17:07:22.831] [INFO] install-dependencies-task: ../../..                                 | Progress: resolved 2614, reused 2542,
downloaded 0, added 0
[17:07:23.810] [INFO] ../../..                                 | Progress: resolved 2631, reused 2560, downloaded 0, added 0
[17:07:23.827] [INFO] install-dependencies-task: ../../..                                 | Progress: resolved 2631, reused 2560,
downloaded 0, added 0
[17:07:24.810] [INFO] ../../..                                 | Progress: resolved 2634, reused 2563, downloaded 0, added 0
[17:07:24.842] [INFO] install-dependencies-task: ../../..                                 | Progress: resolved 2634, reused 2563,
downloaded 0, added 0
[17:07:25.724] [INFO] WARN  deprecated metro-react-native-babel-preset@0.77.0: Use @react-native/babel-preset instead
[17:07:25.733] [INFO] install-dependencies-task: WARN  deprecated metro-react-native-babel-preset@0.77.0: Use
@react-native/babel-preset instead
[17:07:25.759] [INFO] ../../shared/storybook-config            |  WARN  deprecated node-sass@9.0.0
[17:07:25.775] [INFO] install-dependencies-task: ../../shared/storybook-config            |  WARN  deprecated node-sass@9.0.0
[17:07:25.810] [INFO] ../../..                                 | Progress: resolved 2639, reused 2568, downloaded 0, added 0
[17:07:25.820] [INFO] install-dependencies-task: ../../..                                 | Progress: resolved 2639, reused 2568,
downloaded 0, added 0
[17:07:26.811] [INFO] ../../..                                 | Progress: resolved 2644, reused 2573, downloaded 0, added 0
[17:07:26.822] [INFO] install-dependencies-task: ../../..                                 | Progress: resolved 2644, reused 2573,
downloaded 0, added 0
[17:07:27.811] [INFO] ../../..                                 | Progress: resolved 2675, reused 2604, downloaded 0, added 0
[17:07:27.820] [INFO] install-dependencies-task: ../../..                                 | Progress: resolved 2675, reused 2604,
downloaded 0, added 0
[17:07:29.194] [INFO] WARN  29 deprecated subdependencies found: @babel/plugin-proposal-async-generator-functions@7.20.7, @babel/plugin-proposal-class-properties@7.18.6, @babel/plugin-proposal-nullish-coalescing-operator@7.18.6, @babel/plugin-proposal-numeric-separator@7.18.6, @babel/plugin-proposal-object-rest-spread@7.20.7, @babel/plugin-proposal-optional-catch-binding@7.18.6, @babel/plugin-proposal-optional-chaining@7.21.0, @humanwhocodes/config-array@0.11.14, @humanwhocodes/object-schema@2.0.2, @npmcli/move-file@1.1.2, @npmcli/move-file@2.0.1, abab@2.0.6, are-we-there-yet@2.0.0, are-we-there-yet@3.0.1, domexception@4.0.0, gauge@3.0.2, gauge@4.0.4, glob@7.1.4, glob@7.1.6, glob@7.1.7, glob@7.2.3, glob@8.1.0, inflight@1.0.6, npmlog@5.0.1, npmlog@6.0.2, react-use-gesture@8.0.1, rimraf@3.0.2, stable@0.1.8, sudo-prompt@9.2.1
[17:07:29.205] [INFO] install-dependencies-task: WARN  29 deprecated subdependencies found:
@babel/plugin-proposal-async-generator-functions@7.20.7,
@babel/plugin-proposal-class-properties@7.18.6,
@babel/plugin-proposal-nullish-coalescing-operator@7.18.6,
@babel/plugin-proposal-numeric-separator@7.18.6,
@babel/plugin-proposal-object-rest-spread@7.20.7,
@babel/plugin-proposal-optional-catch-binding@7.18.6,
@babel/plugin-proposal-optional-chaining@7.21.0,
@humanwhocodes/config-array@0.11.14, @humanwhocodes/object-schema@2.0.2,
@npmcli/move-file@1.1.2, @npmcli/move-file@2.0.1, abab@2.0.6,
are-we-there-yet@2.0.0, are-we-there-yet@3.0.1, domexception@4.0.0, gauge@3.0.2,
gauge@4.0.4, glob@7.1.4, glob@7.1.6, glob@7.1.7, glob@7.2.3, glob@8.1.0,
inflight@1.0.6, npmlog@5.0.1, npmlog@6.0.2, react-use-gesture@8.0.1,
rimraf@3.0.2, stable@0.1.8, sudo-prompt@9.2.1
[17:07:29.218] [INFO] ../../..                                 | Progress: resolved 2702, reused 2631, downloaded 0, added 0
[17:07:29.228] [INFO] install-dependencies-task: ../../..                                 | Progress: resolved 2702, reused 2631,
downloaded 0, added 0
[17:07:29.268] [INFO] ../../..                                 |  +24 ++
[17:07:29.279] [INFO] install-dependencies-task: ../../..                                 |  +24 ++
[17:07:29.392] [INFO] ../../..                                 | Progress: resolved 2702, reused 2631, downloaded 0, added 5, done
[17:07:29.405] [INFO] install-dependencies-task: ../../..                                 | Progress: resolved 2702, reused 2631,
downloaded 0, added 5, done
[17:07:30.007] [INFO] WARN  Issues with peer dependencies found
.
└─┬ @nx/eslint-plugin 16.5.1
  ├── ✕ unmet peer @typescript-eslint/parser@^5.60.1: found 7.18.0
  └─┬ @nrwl/eslint-plugin-nx 16.5.1
    └─┬ @nx/eslint-plugin 16.5.1
      ├── ✕ unmet peer @typescript-eslint/parser@^5.60.1: found 7.18.0
      └─┬ @nrwl/eslint-plugin-nx 16.5.1
        └─┬ @nx/eslint-plugin 16.5.1
          └── ✕ unmet peer @typescript-eslint/parser@^5.60.1: found 7.18.0

packages/libs/api-client
├─┬ storybook 9.1.1
│ └─┬ @vitest/mocker 3.2.4
│   └── ✕ unmet peer vite@"^5.0.0 || ^6.0.0 || ^7.0.0-0": found 4.5.2
└─┬ @storybook/react-vite 9.1.1
  ├── ✕ unmet peer vite@"^5.0.0 || ^6.0.0 || ^7.0.0": found 4.5.2
  └─┬ @storybook/builder-vite 9.1.1
    └── ✕ unmet peer vite@"^5.0.0 || ^6.0.0 || ^7.0.0": found 4.5.2

packages/libs/nextjs
├─┬ storybook 9.1.1
│ └─┬ @vitest/mocker 3.2.4
│   └── ✕ unmet peer vite@"^5.0.0 || ^6.0.0 || ^7.0.0-0": found 4.5.2
└─┬ @storybook/react-vite 9.1.1
  ├── ✕ unmet peer vite@"^5.0.0 || ^6.0.0 || ^7.0.0": found 4.5.2
  └─┬ @storybook/builder-vite 9.1.1
    └── ✕ unmet peer vite@"^5.0.0 || ^6.0.0 || ^7.0.0": found 4.5.2

packages/libs/utilities
├─┬ storybook 9.1.1
│ └─┬ @vitest/mocker 3.2.4
│   └── ✕ unmet peer vite@"^5.0.0 || ^6.0.0 || ^7.0.0-0": found 4.5.2
└─┬ @storybook/react-vite 9.1.1
  ├── ✕ unmet peer vite@"^5.0.0 || ^6.0.0 || ^7.0.0": found 4.5.2
  └─┬ @storybook/builder-vite 9.1.1
    └── ✕ unmet peer vite@"^5.0.0 || ^6.0.0 || ^7.0.0": found 4.5.2

packages/libs/web
├─┬ storybook 9.1.1
│ └─┬ @vitest/mocker 3.2.4
│   └── ✕ unmet peer vite@"^5.0.0 || ^6.0.0 || ^7.0.0-0": found 4.5.2
└─┬ @storybook/react-vite 9.1.1
  ├── ✕ unmet peer vite@"^5.0.0 || ^6.0.0 || ^7.0.0": found 4.5.2
  └─┬ @storybook/builder-vite 9.1.1
    └── ✕ unmet peer vite@"^5.0.0 || ^6.0.0 || ^7.0.0": found 4.5.2

packages/shared/eslint-config
└─┬ @typescript-eslint/eslint-plugin 5.59.5
  └── ✕ unmet peer @typescript-eslint/parser@^5.0.0: found 7.18.0
[17:07:30.029] [INFO] install-dependencies-task: WARN  Issues with peer dependencies found
.
└─┬ @nx/eslint-plugin 16.5.1
├── ✕ unmet peer @typescript-eslint/parser@^5.60.1: found 7.18.0
└─┬ @nrwl/eslint-plugin-nx 16.5.1
└─┬ @nx/eslint-plugin 16.5.1
├── ✕ unmet peer @typescript-eslint/parser@^5.60.1: found 7.18.0
└─┬ @nrwl/eslint-plugin-nx 16.5.1
└─┬ @nx/eslint-plugin 16.5.1
└── ✕ unmet peer @typescript-eslint/parser@^5.60.1: found 7.18.0

packages/libs/api-client
├─┬ storybook 9.1.1
│ └─┬ @vitest/mocker 3.2.4
│   └── ✕ unmet peer vite@"^5.0.0 || ^6.0.0 || ^7.0.0-0": found 4.5.2
└─┬ @storybook/react-vite 9.1.1
├── ✕ unmet peer vite@"^5.0.0 || ^6.0.0 || ^7.0.0": found 4.5.2
└─┬ @storybook/builder-vite 9.1.1
└── ✕ unmet peer vite@"^5.0.0 || ^6.0.0 || ^7.0.0": found 4.5.2

packages/libs/nextjs
├─┬ storybook 9.1.1
│ └─┬ @vitest/mocker 3.2.4
│   └── ✕ unmet peer vite@"^5.0.0 || ^6.0.0 || ^7.0.0-0": found 4.5.2
└─┬ @storybook/react-vite 9.1.1
├── ✕ unmet peer vite@"^5.0.0 || ^6.0.0 || ^7.0.0": found 4.5.2
└─┬ @storybook/builder-vite 9.1.1
└── ✕ unmet peer vite@"^5.0.0 || ^6.0.0 || ^7.0.0": found 4.5.2

packages/libs/utilities
├─┬ storybook 9.1.1
│ └─┬ @vitest/mocker 3.2.4
│   └── ✕ unmet peer vite@"^5.0.0 || ^6.0.0 || ^7.0.0-0": found 4.5.2
└─┬ @storybook/react-vite 9.1.1
├── ✕ unmet peer vite@"^5.0.0 || ^6.0.0 || ^7.0.0": found 4.5.2
└─┬ @storybook/builder-vite 9.1.1
└── ✕ unmet peer vite@"^5.0.0 || ^6.0.0 || ^7.0.0": found 4.5.2

packages/libs/web
├─┬ storybook 9.1.1
│ └─┬ @vitest/mocker 3.2.4
│   └── ✕ unmet peer vite@"^5.0.0 || ^6.0.0 || ^7.0.0-0": found 4.5.2
└─┬ @storybook/react-vite 9.1.1
├── ✕ unmet peer vite@"^5.0.0 || ^6.0.0 || ^7.0.0": found 4.5.2
└─┬ @storybook/builder-vite 9.1.1
└── ✕ unmet peer vite@"^5.0.0 || ^6.0.0 || ^7.0.0": found 4.5.2

packages/shared/eslint-config
└─┬ @typescript-eslint/eslint-plugin 5.59.5
└── ✕ unmet peer @typescript-eslint/parser@^5.0.0: found 7.18.0
[17:07:30.029] [INFO] devDependencies:
- @storybook/addon-actions 8.3.6
- @storybook/addon-controls 8.3.6
+ @storybook/addon-docs 9.1.1
- @storybook/addon-essentials 8.3.6
- @storybook/addon-links 8.3.6
+ @storybook/addon-links 9.1.1
- @storybook/addon-ondevice-actions 8.3.9
+ @storybook/addon-ondevice-actions 9.1.0
- @storybook/addon-ondevice-backgrounds 8.3.9
+ @storybook/addon-ondevice-backgrounds 9.1.0
- @storybook/addon-ondevice-controls 8.3.9
+ @storybook/addon-ondevice-controls 9.1.0
- @storybook/addon-ondevice-notes 8.3.9
+ @storybook/addon-ondevice-notes 9.1.0
- @storybook/addon-webpack5-compiler-babel 3.0.3
+ @storybook/addon-webpack5-compiler-babel 3.0.6
- @storybook/react 8.3.6
- @storybook/react-native 8.3.9
+ @storybook/react-native 9.1.0
- @storybook/react-webpack5 8.3.6
+ @storybook/react-webpack5 9.1.1
- @storybook/theming 8.3.6
+ eslint-plugin-storybook 9.1.1
- storybook 8.3.6
+ storybook 9.1.1

Done in 13.6s using pnpm v10.9.0
[17:07:30.042] [INFO] install-dependencies-task: devDependencies:
- @storybook/addon-actions 8.3.6
- @storybook/addon-controls 8.3.6
+ @storybook/addon-docs 9.1.1
- @storybook/addon-essentials 8.3.6
- @storybook/addon-links 8.3.6
+ @storybook/addon-links 9.1.1
- @storybook/addon-ondevice-actions 8.3.9
+ @storybook/addon-ondevice-actions 9.1.0
- @storybook/addon-ondevice-backgrounds 8.3.9
+ @storybook/addon-ondevice-backgrounds 9.1.0
- @storybook/addon-ondevice-controls 8.3.9
+ @storybook/addon-ondevice-controls 9.1.0
- @storybook/addon-ondevice-notes 8.3.9
+ @storybook/addon-ondevice-notes 9.1.0
- @storybook/addon-webpack5-compiler-babel 3.0.3
+ @storybook/addon-webpack5-compiler-babel 3.0.6
- @storybook/react 8.3.6
- @storybook/react-native 8.3.9
+ @storybook/react-native 9.1.0
- @storybook/react-webpack5 8.3.6
+ @storybook/react-webpack5 9.1.1
- @storybook/theming 8.3.6
+ eslint-plugin-storybook 9.1.1
- storybook 8.3.6
+ storybook 9.1.1

Done in 13.6s using pnpm v10.9.0
[17:07:30.046] [INFO] Dependencies installed
[17:07:30.046] [INFO] install-dependencies-task-success: Dependencies installed
[17:07:30.046] [WARN] Since you are in a monorepo, we advise you to deduplicate your dependencies. We can do this for you but it might take some time.
[17:07:32.303] [PROMPT] Execute pnpm run dedupe? {"choice":false}
[17:07:32.303] [INFO] If you find any issues running Storybook, you can run pnpm run dedupe manually to deduplicate your dependencies and try again.
[17:07:32.321] [INFO] Checking the health of your project(s)..
[17:07:34.116] [WARN] Found 1 issue across 2 projects
[17:07:34.132] [INFO] You are currently using Storybook 9.1.1 but you have packages which are incompatible with it:

- @storybook/addons@7.6.17 which depends on 7.6.17
 Repo: https://github.com/storybookjs/storybook/tree/next/code/deprecated/addons

Please consider updating your packages or contacting the maintainers for compatibility details.

For more on Storybook 9 compatibility, see the linked GitHub issue:
https://github.com/storybookjs/storybook/issues/30944

Affected projects: .ondevice, .storybook
[17:07:34.132] [INFO] Incompatible Packages
[17:07:34.164] [INFO] You are currently using Storybook 9.1.1 but you have packages which are incompatible with it:

- @storybook/addons@7.6.17 which depends on 7.6.17
 Repo: https://github.com/storybookjs/storybook/tree/next/code/deprecated/addons

Please consider updating your packages or contacting the maintainers for compatibility details.

For more on Storybook 9 compatibility, see the linked GitHub issue:
https://github.com/storybookjs/storybook/issues/30944

Affected projects: .ondevice, .storybook
[17:07:34.188] [INFO] Storybook doctor is complete!
[17:07:34.197] [INFO] You can always recheck the health of your project(s) by running:
npx storybook doctor
[17:07:34.209] [INFO] The upgrade is complete!
[17:07:34.223] [INFO] Your project(s) have been upgraded successfully, but some issues were found which need your attention, please check Storybook doctor logs above.
[17:07:34.287] [INFO] If you want to learn more about the automigrations that executed in your project(s), please check the following links:

• eslintPlugin
• consolidated-imports
• renderer-to-framework
• remove-essential-addons
• wrap-require
[17:07:34.303] [INFO] For a full list of changes, please check our migration guide: https://storybook.js.org/docs/migration-guide